<?xml version="1.0" encoding="UTF-8"?>
<!-- Generated by org.testng.reporters.JUnitReportReporter -->
<testsuite hostname="INLEN8520069202" failures="0" tests="3" name="com.cg.testng.Depandsonmethod" time="0.017" errors="0" timestamp="2024-03-01T15:47:32 IST" skipped="0">
  <testcase classname="com.cg.testng.Depandsonmethod" name="MobileStudentLogin" time="0.011"/>
  <testcase classname="com.cg.testng.Depandsonmethod" name="WebStudentLogin" time="0.003"/>
  <testcase classname="com.cg.testng.Depandsonmethod" name="APIStudentLogin" time="0.003"/>
</testsuite> <!-- com.cg.testng.Depandsonmethod -->
