<?xml version="1.0" encoding="UTF-8"?>
<!-- Generated by org.testng.reporters.JUnitReportReporter -->
<testsuite hostname="INLEN8520069202" failures="0" tests="2" name="com.cg.testng.Testngflow" time="0.012" errors="0" timestamp="2024-03-05T09:05:51 IST" skipped="0">
  <testcase classname="com.cg.testng.Testngflow" name="testMethod2" time="0.004"/>
  <testcase classname="com.cg.testng.Testngflow" name="testMethod" time="0.008"/>
</testsuite> <!-- com.cg.testng.Testngflow -->
