<?xml version="1.0" encoding="UTF-8"?>
<!-- Generated by org.testng.reporters.JUnitReportReporter -->
<testsuite hostname="INLEN8520069202" failures="0" tests="3" name="Testcases.Bankmanagertestcases" time="3.359" errors="0" timestamp="2024-04-24T12:08:26 IST" skipped="0">
  <testcase classname="Testcases.Bankmanagertestcases" name="AddcustomerDetails" time="1.936"/>
  <testcase classname="Testcases.Bankmanagertestcases" name="OpenAccount" time="0.733"/>
  <testcase classname="Testcases.Bankmanagertestcases" name="Customers" time="0.690"/>
</testsuite> <!-- Testcases.Bankmanagertestcases -->
